#
# There is insufficient memory for the Java Runtime Environment to continue.
# Native memory allocation (malloc) failed to allocate 591216 bytes for Chunk::new
# Possible reasons:
#   The system is out of physical RAM or swap space
#   The process is running with CompressedOops enabled, and the Java Heap may be blocking the growth of the native heap
# Possible solutions:
#   Reduce memory load on the system
#   Increase physical memory or swap space
#   Check if swap backing store is full
#   Decrease Java heap size (-Xmx/-Xms)
#   Decrease number of Java threads
#   Decrease Java thread stack sizes (-Xss)
#   Set larger code cache with -XX:ReservedCodeCacheSize=
#   JVM is running with Zero Based Compressed Oops mode in which the Java heap is
#     placed in the first 32GB address space. The Java Heap base address is the
#     maximum limit for the native heap growth. Please use -XX:HeapBaseMinAddress
#     to set the Java Heap base and to place the Java Heap above 32GB virtual address.
# This output file may be truncated or incomplete.
#
#  Out of Memory Error (./open/src/hotspot/share/memory/arena.cpp:197), pid=16228, tid=22356
#
# JRE version: Java(TM) SE Runtime Environment 18.9 (11.0.12+8) (build 11.0.12+8-LTS-237)
# Java VM: Java HotSpot(TM) 64-Bit Server VM 18.9 (11.0.12+8-LTS-237, mixed mode, tiered, compressed oops, g1 gc, windows-amd64)
# No core dump will be written. Minidumps are not enabled by default on client versions of Windows
#

---------------  S U M M A R Y ------------

Command Line: -agentlib:jdwp=transport=dt_socket,server=n,suspend=y,address=127.0.0.1:58668 -Dfile.encoding=windows-1252 -Duser.country=BR -Duser.language=pt -Duser.variant com.example.interview.InterviewApplication

Host: Intel(R) Core(TM) i7-8550U CPU @ 1.80GHz, 8 cores, 15G,  Windows 10 , 64 bit Build 19041 (10.0.19041.1566)
Time: Mon Mar 21 02:14:41 2022 Hora Padrão de Buenos Aires elapsed time: 2.450019 seconds (0d 0h 0m 2s)

---------------  T H R E A D  ---------------

Current thread (0x0000023a9dc8d800):  JavaThread "C2 CompilerThread0" daemon [_thread_in_native, id=22356, stack(0x0000009285e00000,0x0000009285f00000)]


Current CompileTask:
C2:   2450 2149       4       java.io.WinNTFileSystem::normalize (224 bytes)

Stack: [0x0000009285e00000,0x0000009285f00000]
Native frames: (J=compiled Java code, j=interpreted, Vv=VM code, C=native code)
V  [jvm.dll+0x617d9a]
V  [jvm.dll+0x74eeef]
V  [jvm.dll+0x750599]
V  [jvm.dll+0x750c23]
V  [jvm.dll+0x2438d8]
V  [jvm.dll+0xba6dc]
V  [jvm.dll+0xbac9c]
V  [jvm.dll+0x346972]
V  [jvm.dll+0x3147a3]
V  [jvm.dll+0x313aea]
V  [jvm.dll+0x1fd105]
V  [jvm.dll+0x1fc2ed]
V  [jvm.dll+0x17f18c]
V  [jvm.dll+0x20b87c]
V  [jvm.dll+0x20997b]
V  [jvm.dll+0x716359]
V  [jvm.dll+0x70f064]
V  [jvm.dll+0x616f66]
C  [ucrtbase.dll+0x21bb2]
C  [KERNEL32.DLL+0x17034]
C  [ntdll.dll+0x52651]


---------------  P R O C E S S  ---------------

Threads class SMR info:
_java_thread_list=0x0000023aa02eddd0, length=16, elements={
0x0000023af9787000, 0x0000023affea3800, 0x0000023affea4800, 0x0000023a9dc7d000,
0x0000023a9dc7e800, 0x0000023a9dc82800, 0x0000023a9dc8d800, 0x0000023a9dc93000,
0x0000023a9dc94000, 0x0000023a9de28800, 0x0000023a9de2d800, 0x0000023a9de2e800,
0x0000023a9de3f000, 0x0000023a9de53800, 0x0000023a9de5b800, 0x0000023aa04fe800
}

Java Threads: ( => current thread )
  0x0000023af9787000 JavaThread "main" [_thread_in_vm, id=16068, stack(0x0000009285200000,0x0000009285300000)]
  0x0000023affea3800 JavaThread "Reference Handler" daemon [_thread_blocked, id=20724, stack(0x0000009285900000,0x0000009285a00000)]
  0x0000023affea4800 JavaThread "Finalizer" daemon [_thread_blocked, id=16692, stack(0x0000009285a00000,0x0000009285b00000)]
  0x0000023a9dc7d000 JavaThread "Signal Dispatcher" daemon [_thread_blocked, id=2412, stack(0x0000009285b00000,0x0000009285c00000)]
  0x0000023a9dc7e800 JavaThread "Attach Listener" daemon [_thread_blocked, id=12736, stack(0x0000009285c00000,0x0000009285d00000)]
  0x0000023a9dc82800 JavaThread "Service Thread" daemon [_thread_blocked, id=19352, stack(0x0000009285d00000,0x0000009285e00000)]
=>0x0000023a9dc8d800 JavaThread "C2 CompilerThread0" daemon [_thread_in_native, id=22356, stack(0x0000009285e00000,0x0000009285f00000)]
  0x0000023a9dc93000 JavaThread "C1 CompilerThread0" daemon [_thread_blocked, id=20560, stack(0x0000009285f00000,0x0000009286000000)]
  0x0000023a9dc94000 JavaThread "Sweeper thread" daemon [_thread_blocked, id=9640, stack(0x0000009286000000,0x0000009286100000)]
  0x0000023a9de28800 JavaThread "JDWP Transport Listener: dt_socket" daemon [_thread_blocked, id=15684, stack(0x0000009286100000,0x0000009286200000)]
  0x0000023a9de2d800 JavaThread "JDWP Event Helper Thread" daemon [_thread_blocked, id=8136, stack(0x0000009286200000,0x0000009286300000)]
  0x0000023a9de2e800 JavaThread "JDWP Command Reader" daemon [_thread_in_native, id=16472, stack(0x0000009286300000,0x0000009286400000)]
  0x0000023a9de3f000 JavaThread "Common-Cleaner" daemon [_thread_blocked, id=23068, stack(0x0000009286500000,0x0000009286600000)]
  0x0000023a9de53800 JavaThread "C2 CompilerThread1" daemon [_thread_in_native, id=21672, stack(0x0000009286600000,0x0000009286700000)]
  0x0000023a9de5b800 JavaThread "C2 CompilerThread2" daemon [_thread_in_native, id=18740, stack(0x0000009286700000,0x0000009286800000)]
  0x0000023aa04fe800 JavaThread "Thread-0" [_thread_in_Java, id=18504, stack(0x0000009286d00000,0x0000009286e00000)]

Other Threads:
  0x0000023affea1800 VMThread "VM Thread" [stack: 0x0000009285800000,0x0000009285900000] [id=22932]
  0x0000023a9de40000 WatcherThread [stack: 0x0000009286400000,0x0000009286500000] [id=17356]
  0x0000023af979d000 GCTaskThread "GC Thread#0" [stack: 0x0000009285300000,0x0000009285400000] [id=19056]
  0x0000023a9e3c9000 GCTaskThread "GC Thread#1" [stack: 0x0000009286800000,0x0000009286900000] [id=22272]
  0x0000023a9f197800 GCTaskThread "GC Thread#2" [stack: 0x0000009286900000,0x0000009286a00000] [id=14144]
  0x0000023a9f198000 GCTaskThread "GC Thread#3" [stack: 0x0000009286a00000,0x0000009286b00000] [id=7184]
  0x0000023a9e744800 GCTaskThread "GC Thread#4" [stack: 0x0000009286b00000,0x0000009286c00000] [id=11584]
  0x0000023a9e745000 GCTaskThread "GC Thread#5" [stack: 0x0000009286c00000,0x0000009286d00000] [id=19688]
  0x0000023af97fb000 ConcurrentGCThread "G1 Main Marker" [stack: 0x0000009285400000,0x0000009285500000] [id=21048]
  0x0000023af97fc000 ConcurrentGCThread "G1 Conc#0" [stack: 0x0000009285500000,0x0000009285600000] [id=9652]
  0x0000023a9f4ad000 ConcurrentGCThread "G1 Conc#1" [stack: 0x0000009286e00000,0x0000009286f00000] [id=15780]
  0x0000023affd7e000 ConcurrentGCThread "G1 Refine#0" [stack: 0x0000009285600000,0x0000009285700000] [id=18412]
  0x0000023affd80800 ConcurrentGCThread "G1 Young RemSet Sampling" [stack: 0x0000009285700000,0x0000009285800000] [id=23464]

Threads with active compile tasks:
C2 CompilerThread0   2477 2149       4       java.io.WinNTFileSystem::normalize (224 bytes)
C2 CompilerThread1   2477 2154       4       jdk.internal.module.SystemModuleFinders$SystemModuleReader::findImageLocation (42 bytes)
C2 CompilerThread2   2477 2132       4       jdk.internal.module.SystemModuleFinders$SystemModuleReader::find (54 bytes)

VM state:not at safepoint (normal execution)

VM Mutex/Monitor currently owned by a thread: None

Heap address: 0x0000000701800000, size: 4072 MB, Compressed Oops mode: Zero based, Oop shift amount: 3
Narrow klass base: 0x0000000800000000, Narrow klass shift: 0
Compressed class space size: 1073741824 Address: 0x0000000800000000

Heap:
 garbage-first heap   total 262144K, used 55332K [0x0000000701800000, 0x0000000800000000)
  region size 1024K, 49 young (50176K), 3 survivors (3072K)
 Metaspace       used 24596K, capacity 25228K, committed 25520K, reserved 1071104K
  class space    used 2742K, capacity 2998K, committed 3072K, reserved 1048576K
Heap Regions: E=young(eden), S=young(survivor), O=old, HS=humongous(starts), HC=humongous(continues), CS=collection set, F=free, A=archive, TAMS=top-at-mark-start (previous, next)
|   0|0x0000000701800000, 0x0000000701900000, 0x0000000701900000|100%|HS|  |TAMS 0x0000000701900000, 0x0000000701800000| Complete 
|   1|0x0000000701900000, 0x0000000701a00000, 0x0000000701a00000|100%| O|  |TAMS 0x0000000701a00000, 0x0000000701900000| Untracked 
|   2|0x0000000701a00000, 0x0000000701b00000, 0x0000000701b00000|100%| O|  |TAMS 0x0000000701b00000, 0x0000000701a00000| Untracked 
|   3|0x0000000701b00000, 0x0000000701c00000, 0x0000000701c00000|100%| O|  |TAMS 0x0000000701c00000, 0x0000000701b00000| Untracked 
|   4|0x0000000701c00000, 0x0000000701d00000, 0x0000000701d00000|100%| O|  |TAMS 0x0000000701d00000, 0x0000000701c00000| Untracked 
|   5|0x0000000701d00000, 0x0000000701e00000, 0x0000000701e00000|100%| O|  |TAMS 0x0000000701e00000, 0x0000000701d00000| Untracked 
|   6|0x0000000701e00000, 0x0000000701f00000, 0x0000000701f00000|100%| O|  |TAMS 0x0000000701f00000, 0x0000000701e00000| Untracked 
|   7|0x0000000701f00000, 0x0000000701fd0400, 0x0000000702000000| 81%| O|  |TAMS 0x0000000701fd0400, 0x0000000701f00000| Untracked 
|   8|0x0000000702000000, 0x0000000702000000, 0x0000000702100000|  0%| F|  |TAMS 0x0000000702000000, 0x0000000702000000| Untracked 
|   9|0x0000000702100000, 0x0000000702100000, 0x0000000702200000|  0%| F|  |TAMS 0x0000000702100000, 0x0000000702100000| Untracked 
|  10|0x0000000702200000, 0x0000000702200000, 0x0000000702300000|  0%| F|  |TAMS 0x0000000702200000, 0x0000000702200000| Untracked 
|  11|0x0000000702300000, 0x0000000702300000, 0x0000000702400000|  0%| F|  |TAMS 0x0000000702300000, 0x0000000702300000| Untracked 
|  12|0x0000000702400000, 0x0000000702400000, 0x0000000702500000|  0%| F|  |TAMS 0x0000000702400000, 0x0000000702400000| Untracked 
|  13|0x0000000702500000, 0x0000000702500000, 0x0000000702600000|  0%| F|  |TAMS 0x0000000702500000, 0x0000000702500000| Untracked 
|  14|0x0000000702600000, 0x0000000702600000, 0x0000000702700000|  0%| F|  |TAMS 0x0000000702600000, 0x0000000702600000| Untracked 
|  15|0x0000000702700000, 0x0000000702700000, 0x0000000702800000|  0%| F|  |TAMS 0x0000000702700000, 0x0000000702700000| Untracked 
|  16|0x0000000702800000, 0x0000000702800000, 0x0000000702900000|  0%| F|  |TAMS 0x0000000702800000, 0x0000000702800000| Untracked 
|  17|0x0000000702900000, 0x0000000702900000, 0x0000000702a00000|  0%| F|  |TAMS 0x0000000702900000, 0x0000000702900000| Untracked 
|  18|0x0000000702a00000, 0x0000000702a00000, 0x0000000702b00000|  0%| F|  |TAMS 0x0000000702a00000, 0x0000000702a00000| Untracked 
|  19|0x0000000702b00000, 0x0000000702b00000, 0x0000000702c00000|  0%| F|  |TAMS 0x0000000702b00000, 0x0000000702b00000| Untracked 
|  20|0x0000000702c00000, 0x0000000702c00000, 0x0000000702d00000|  0%| F|  |TAMS 0x0000000702c00000, 0x0000000702c00000| Untracked 
|  21|0x0000000702d00000, 0x0000000702d00000, 0x0000000702e00000|  0%| F|  |TAMS 0x0000000702d00000, 0x0000000702d00000| Untracked 
|  22|0x0000000702e00000, 0x0000000702e00000, 0x0000000702f00000|  0%| F|  |TAMS 0x0000000702e00000, 0x0000000702e00000| Untracked 
|  23|0x0000000702f00000, 0x0000000702f00000, 0x0000000703000000|  0%| F|  |TAMS 0x0000000702f00000, 0x0000000702f00000| Untracked 
|  24|0x0000000703000000, 0x0000000703000000, 0x0000000703100000|  0%| F|  |TAMS 0x0000000703000000, 0x0000000703000000| Untracked 
|  25|0x0000000703100000, 0x0000000703100000, 0x0000000703200000|  0%| F|  |TAMS 0x0000000703100000, 0x0000000703100000| Untracked 
|  26|0x0000000703200000, 0x0000000703200000, 0x0000000703300000|  0%| F|  |TAMS 0x0000000703200000, 0x0000000703200000| Untracked 
|  27|0x0000000703300000, 0x0000000703300000, 0x0000000703400000|  0%| F|  |TAMS 0x0000000703300000, 0x0000000703300000| Untracked 
|  28|0x0000000703400000, 0x0000000703400000, 0x0000000703500000|  0%| F|  |TAMS 0x0000000703400000, 0x0000000703400000| Untracked 
|  29|0x0000000703500000, 0x0000000703500000, 0x0000000703600000|  0%| F|  |TAMS 0x0000000703500000, 0x0000000703500000| Untracked 
|  30|0x0000000703600000, 0x0000000703600000, 0x0000000703700000|  0%| F|  |TAMS 0x0000000703600000, 0x0000000703600000| Untracked 
|  31|0x0000000703700000, 0x0000000703700000, 0x0000000703800000|  0%| F|  |TAMS 0x0000000703700000, 0x0000000703700000| Untracked 
|  32|0x0000000703800000, 0x0000000703800000, 0x0000000703900000|  0%| F|  |TAMS 0x0000000703800000, 0x0000000703800000| Untracked 
|  33|0x0000000703900000, 0x0000000703900000, 0x0000000703a00000|  0%| F|  |TAMS 0x0000000703900000, 0x0000000703900000| Untracked 
|  34|0x0000000703a00000, 0x0000000703a00000, 0x0000000703b00000|  0%| F|  |TAMS 0x0000000703a00000, 0x0000000703a00000| Untracked 
|  35|0x0000000703b00000, 0x0000000703b00000, 0x0000000703c00000|  0%| F|  |TAMS 0x0000000703b00000, 0x0000000703b00000| Untracked 
|  36|0x0000000703c00000, 0x0000000703c00000, 0x0000000703d00000|  0%| F|  |TAMS 0x0000000703c00000, 0x0000000703c00000| Untracked 
|  37|0x0000000703d00000, 0x0000000703d00000, 0x0000000703e00000|  0%| F|  |TAMS 0x0000000703d00000, 0x0000000703d00000| Untracked 
|  38|0x0000000703e00000, 0x0000000703e00000, 0x0000000703f00000|  0%| F|  |TAMS 0x0000000703e00000, 0x0000000703e00000| Untracked 
|  39|0x0000000703f00000, 0x0000000703f00000, 0x0000000704000000|  0%| F|  |TAMS 0x0000000703f00000, 0x0000000703f00000| Untracked 
|  40|0x0000000704000000, 0x0000000704000000, 0x0000000704100000|  0%| F|  |TAMS 0x0000000704000000, 0x0000000704000000| Untracked 
|  41|0x0000000704100000, 0x0000000704100000, 0x0000000704200000|  0%| F|  |TAMS 0x0000000704100000, 0x0000000704100000| Untracked 
|  42|0x0000000704200000, 0x0000000704200000, 0x0000000704300000|  0%| F|  |TAMS 0x0000000704200000, 0x0000000704200000| Untracked 
|  43|0x0000000704300000, 0x0000000704300000, 0x0000000704400000|  0%| F|  |TAMS 0x0000000704300000, 0x0000000704300000| Untracked 
|  44|0x0000000704400000, 0x0000000704400000, 0x0000000704500000|  0%| F|  |TAMS 0x0000000704400000, 0x0000000704400000| Untracked 
|  45|0x0000000704500000, 0x0000000704500000, 0x0000000704600000|  0%| F|  |TAMS 0x0000000704500000, 0x0000000704500000| Untracked 
|  46|0x0000000704600000, 0x0000000704600000, 0x0000000704700000|  0%| F|  |TAMS 0x0000000704600000, 0x0000000704600000| Untracked 
|  47|0x0000000704700000, 0x0000000704700000, 0x0000000704800000|  0%| F|  |TAMS 0x0000000704700000, 0x0000000704700000| Untracked 
|  48|0x0000000704800000, 0x0000000704800000, 0x0000000704900000|  0%| F|  |TAMS 0x0000000704800000, 0x0000000704800000| Untracked 
|  49|0x0000000704900000, 0x0000000704900000, 0x0000000704a00000|  0%| F|  |TAMS 0x0000000704900000, 0x0000000704900000| Untracked 
|  50|0x0000000704a00000, 0x0000000704a00000, 0x0000000704b00000|  0%| F|  |TAMS 0x0000000704a00000, 0x0000000704a00000| Untracked 
|  51|0x0000000704b00000, 0x0000000704b00000, 0x0000000704c00000|  0%| F|  |TAMS 0x0000000704b00000, 0x0000000704b00000| Untracked 
|  52|0x0000000704c00000, 0x0000000704c00000, 0x0000000704d00000|  0%| F|  |TAMS 0x0000000704c00000, 0x0000000704c00000| Untracked 
|  53|0x0000000704d00000, 0x0000000704d00000, 0x0000000704e00000|  0%| F|  |TAMS 0x0000000704d00000, 0x0000000704d00000| Untracked 
|  54|0x0000000704e00000, 0x0000000704e00000, 0x0000000704f00000|  0%| F|  |TAMS 0x0000000704e00000, 0x0000000704e00000| Untracked 
|  55|0x0000000704f00000, 0x0000000704f00000, 0x0000000705000000|  0%| F|  |TAMS 0x0000000704f00000, 0x0000000704f00000| Untracked 
|  56|0x0000000705000000, 0x0000000705000000, 0x0000000705100000|  0%| F|  |TAMS 0x0000000705000000, 0x0000000705000000| Untracked 
|  57|0x0000000705100000, 0x0000000705100000, 0x0000000705200000|  0%| F|  |TAMS 0x0000000705100000, 0x0000000705100000| Untracked 
|  58|0x0000000705200000, 0x0000000705200000, 0x0000000705300000|  0%| F|  |TAMS 0x0000000705200000, 0x0000000705200000| Untracked 
|  59|0x0000000705300000, 0x0000000705300000, 0x0000000705400000|  0%| F|  |TAMS 0x0000000705300000, 0x0000000705300000| Untracked 
|  60|0x0000000705400000, 0x0000000705400000, 0x0000000705500000|  0%| F|  |TAMS 0x0000000705400000, 0x0000000705400000| Untracked 
|  61|0x0000000705500000, 0x0000000705500000, 0x0000000705600000|  0%| F|  |TAMS 0x0000000705500000, 0x0000000705500000| Untracked 
|  62|0x0000000705600000, 0x0000000705600000, 0x0000000705700000|  0%| F|  |TAMS 0x0000000705600000, 0x0000000705600000| Untracked 
|  63|0x0000000705700000, 0x0000000705700000, 0x0000000705800000|  0%| F|  |TAMS 0x0000000705700000, 0x0000000705700000| Untracked 
|  64|0x0000000705800000, 0x0000000705800000, 0x0000000705900000|  0%| F|  |TAMS 0x0000000705800000, 0x0000000705800000| Untracked 
|  65|0x0000000705900000, 0x0000000705900000, 0x0000000705a00000|  0%| F|  |TAMS 0x0000000705900000, 0x0000000705900000| Untracked 
|  66|0x0000000705a00000, 0x0000000705a00000, 0x0000000705b00000|  0%| F|  |TAMS 0x0000000705a00000, 0x0000000705a00000| Untracked 
|  67|0x0000000705b00000, 0x0000000705b00000, 0x0000000705c00000|  0%| F|  |TAMS 0x0000000705b00000, 0x0000000705b00000| Untracked 
|  68|0x0000000705c00000, 0x0000000705c00000, 0x0000000705d00000|  0%| F|  |TAMS 0x0000000705c00000, 0x0000000705c00000| Untracked 
|  69|0x0000000705d00000, 0x0000000705d00000, 0x0000000705e00000|  0%| F|  |TAMS 0x0000000705d00000, 0x0000000705d00000| Untracked 
|  70|0x0000000705e00000, 0x0000000705e00000, 0x0000000705f00000|  0%| F|  |TAMS 0x0000000705e00000, 0x0000000705e00000| Untracked 
|  71|0x0000000705f00000, 0x0000000705f00000, 0x0000000706000000|  0%| F|  |TAMS 0x0000000705f00000, 0x0000000705f00000| Untracked 
|  72|0x0000000706000000, 0x0000000706000000, 0x0000000706100000|  0%| F|  |TAMS 0x0000000706000000, 0x0000000706000000| Untracked 
|  73|0x0000000706100000, 0x0000000706100000, 0x0000000706200000|  0%| F|  |TAMS 0x0000000706100000, 0x0000000706100000| Untracked 
|  74|0x0000000706200000, 0x0000000706200000, 0x0000000706300000|  0%| F|  |TAMS 0x0000000706200000, 0x0000000706200000| Untracked 
|  75|0x0000000706300000, 0x0000000706300000, 0x0000000706400000|  0%| F|  |TAMS 0x0000000706300000, 0x0000000706300000| Untracked 
|  76|0x0000000706400000, 0x0000000706400000, 0x0000000706500000|  0%| F|  |TAMS 0x0000000706400000, 0x0000000706400000| Untracked 
|  77|0x0000000706500000, 0x0000000706500000, 0x0000000706600000|  0%| F|  |TAMS 0x0000000706500000, 0x0000000706500000| Untracked 
|  78|0x0000000706600000, 0x0000000706600000, 0x0000000706700000|  0%| F|  |TAMS 0x0000000706600000, 0x0000000706600000| Untracked 
|  79|0x0000000706700000, 0x0000000706700000, 0x0000000706800000|  0%| F|  |TAMS 0x0000000706700000, 0x0000000706700000| Untracked 
|  80|0x0000000706800000, 0x0000000706800000, 0x0000000706900000|  0%| F|  |TAMS 0x0000000706800000, 0x0000000706800000| Untracked 
|  81|0x0000000706900000, 0x0000000706900000, 0x0000000706a00000|  0%| F|  |TAMS 0x0000000706900000, 0x0000000706900000| Untracked 
|  82|0x0000000706a00000, 0x0000000706a00000, 0x0000000706b00000|  0%| F|  |TAMS 0x0000000706a00000, 0x0000000706a00000| Untracked 
|  83|0x0000000706b00000, 0x0000000706b00000, 0x0000000706c00000|  0%| F|  |TAMS 0x0000000706b00000, 0x0000000706b00000| Untracked 
|  84|0x0000000706c00000, 0x0000000706c00000, 0x0000000706d00000|  0%| F|  |TAMS 0x0000000706c00000, 0x0000000706c00000| Untracked 
|  85|0x0000000706d00000, 0x0000000706d00000, 0x0000000706e00000|  0%| F|  |TAMS 0x0000000706d00000, 0x0000000706d00000| Untracked 
|  86|0x0000000706e00000, 0x0000000706e00000, 0x0000000706f00000|  0%| F|  |TAMS 0x0000000706e00000, 0x0000000706e00000| Untracked 
|  87|0x0000000706f00000, 0x0000000706f00000, 0x0000000707000000|  0%| F|  |TAMS 0x0000000706f00000, 0x0000000706f00000| Untracked 
|  88|0x0000000707000000, 0x0000000707000000, 0x0000000707100000|  0%| F|  |TAMS 0x0000000707000000, 0x0000000707000000| Untracked 
|  89|0x0000000707100000, 0x0000000707100000, 0x0000000707200000|  0%| F|  |TAMS 0x0000000707100000, 0x0000000707100000| Untracked 
|  90|0x0000000707200000, 0x0000000707200000, 0x0000000707300000|  0%| F|  |TAMS 0x0000000707200000, 0x0000000707200000| Untracked 
|  91|0x0000000707300000, 0x0000000707300000, 0x0000000707400000|  0%| F|  |TAMS 0x0000000707300000, 0x0000000707300000| Untracked 
|  92|0x0000000707400000, 0x0000000707400000, 0x0000000707500000|  0%| F|  |TAMS 0x0000000707400000, 0x0000000707400000| Untracked 
|  93|0x0000000707500000, 0x0000000707500000, 0x0000000707600000|  0%| F|  |TAMS 0x0000000707500000, 0x0000000707500000| Untracked 
|  94|0x0000000707600000, 0x0000000707600000, 0x0000000707700000|  0%| F|  |TAMS 0x0000000707600000, 0x0000000707600000| Untracked 
|  95|0x0000000707700000, 0x0000000707700000, 0x0000000707800000|  0%| F|  |TAMS 0x0000000707700000, 0x0000000707700000| Untracked 
|  96|0x0000000707800000, 0x0000000707800000, 0x0000000707900000|  0%| F|  |TAMS 0x0000000707800000, 0x0000000707800000| Untracked 
|  97|0x0000000707900000, 0x0000000707900000, 0x0000000707a00000|  0%| F|  |TAMS 0x0000000707900000, 0x0000000707900000| Untracked 
|  98|0x0000000707a00000, 0x0000000707a00000, 0x0000000707b00000|  0%| F|  |TAMS 0x0000000707a00000, 0x0000000707a00000| Untracked 
|  99|0x0000000707b00000, 0x0000000707b00000, 0x0000000707c00000|  0%| F|  |TAMS 0x0000000707b00000, 0x0000000707b00000| Untracked 
| 100|0x0000000707c00000, 0x0000000707c00000, 0x0000000707d00000|  0%| F|  |TAMS 0x0000000707c00000, 0x0000000707c00000| Untracked 
| 101|0x0000000707d00000, 0x0000000707d00000, 0x0000000707e00000|  0%| F|  |TAMS 0x0000000707d00000, 0x0000000707d00000| Untracked 
| 102|0x0000000707e00000, 0x0000000707e00000, 0x0000000707f00000|  0%| F|  |TAMS 0x0000000707e00000, 0x0000000707e00000| Untracked 
| 103|0x0000000707f00000, 0x0000000707f00000, 0x0000000708000000|  0%| F|  |TAMS 0x0000000707f00000, 0x0000000707f00000| Untracked 
| 104|0x0000000708000000, 0x0000000708000000, 0x0000000708100000|  0%| F|  |TAMS 0x0000000708000000, 0x0000000708000000| Untracked 
| 105|0x0000000708100000, 0x0000000708100000, 0x0000000708200000|  0%| F|  |TAMS 0x0000000708100000, 0x0000000708100000| Untracked 
| 106|0x0000000708200000, 0x0000000708200000, 0x0000000708300000|  0%| F|  |TAMS 0x0000000708200000, 0x0000000708200000| Untracked 
| 107|0x0000000708300000, 0x0000000708300000, 0x0000000708400000|  0%| F|  |TAMS 0x0000000708300000, 0x0000000708300000| Untracked 
| 108|0x0000000708400000, 0x0000000708400000, 0x0000000708500000|  0%| F|  |TAMS 0x0000000708400000, 0x0000000708400000| Untracked 
| 109|0x0000000708500000, 0x0000000708500000, 0x0000000708600000|  0%| F|  |TAMS 0x0000000708500000, 0x0000000708500000| Untracked 
| 110|0x0000000708600000, 0x0000000708600000, 0x0000000708700000|  0%| F|  |TAMS 0x0000000708600000, 0x0000000708600000| Untracked 
| 111|0x0000000708700000, 0x0000000708700000, 0x0000000708800000|  0%| F|  |TAMS 0x0000000708700000, 0x0000000708700000| Untracked 
| 112|0x0000000708800000, 0x0000000708800000, 0x0000000708900000|  0%| F|  |TAMS 0x0000000708800000, 0x0000000708800000| Untracked 
| 113|0x0000000708900000, 0x0000000708900000, 0x0000000708a00000|  0%| F|  |TAMS 0x0000000708900000, 0x0000000708900000| Untracked 
| 114|0x0000000708a00000, 0x0000000708a00000, 0x0000000708b00000|  0%| F|  |TAMS 0x0000000708a00000, 0x0000000708a00000| Untracked 
| 115|0x0000000708b00000, 0x0000000708b00000, 0x0000000708c00000|  0%| F|  |TAMS 0x0000000708b00000, 0x0000000708b00000| Untracked 
| 116|0x0000000708c00000, 0x0000000708c00000, 0x0000000708d00000|  0%| F|  |TAMS 0x0000000708c00000, 0x0000000708c00000| Untracked 
| 117|0x0000000708d00000, 0x0000000708d00000, 0x0000000708e00000|  0%| F|  |TAMS 0x0000000708d00000, 0x0000000708d00000| Untracked 
| 118|0x0000000708e00000, 0x0000000708e00000, 0x0000000708f00000|  0%| F|  |TAMS 0x0000000708e00000, 0x0000000708e00000| Untracked 
| 119|0x0000000708f00000, 0x0000000708f00000, 0x0000000709000000|  0%| F|  |TAMS 0x0000000708f00000, 0x0000000708f00000| Untracked 
| 120|0x0000000709000000, 0x0000000709000000, 0x0000000709100000|  0%| F|  |TAMS 0x0000000709000000, 0x0000000709000000| Untracked 
| 121|0x0000000709100000, 0x0000000709100000, 0x0000000709200000|  0%| F|  |TAMS 0x0000000709100000, 0x0000000709100000| Untracked 
| 122|0x0000000709200000, 0x0000000709200000, 0x0000000709300000|  0%| F|  |TAMS 0x0000000709200000, 0x0000000709200000| Untracked 
| 123|0x0000000709300000, 0x0000000709300000, 0x0000000709400000|  0%| F|  |TAMS 0x0000000709300000, 0x0000000709300000| Untracked 
| 124|0x0000000709400000, 0x0000000709400000, 0x0000000709500000|  0%| F|  |TAMS 0x0000000709400000, 0x0000000709400000| Untracked 
| 125|0x0000000709500000, 0x0000000709500000, 0x0000000709600000|  0%| F|  |TAMS 0x0000000709500000, 0x0000000709500000| Untracked 
| 126|0x0000000709600000, 0x0000000709600000, 0x0000000709700000|  0%| F|  |TAMS 0x0000000709600000, 0x0000000709600000| Untracked 
| 127|0x0000000709700000, 0x0000000709700000, 0x0000000709800000|  0%| F|  |TAMS 0x0000000709700000, 0x0000000709700000| Untracked 
| 128|0x0000000709800000, 0x0000000709800000, 0x0000000709900000|  0%| F|  |TAMS 0x0000000709800000, 0x0000000709800000| Untracked 
| 129|0x0000000709900000, 0x0000000709900000, 0x0000000709a00000|  0%| F|  |TAMS 0x0000000709900000, 0x0000000709900000| Untracked 
| 130|0x0000000709a00000, 0x0000000709a00000, 0x0000000709b00000|  0%| F|  |TAMS 0x0000000709a00000, 0x0000000709a00000| Untracked 
| 131|0x0000000709b00000, 0x0000000709b00000, 0x0000000709c00000|  0%| F|  |TAMS 0x0000000709b00000, 0x0000000709b00000| Untracked 
| 132|0x0000000709c00000, 0x0000000709c00000, 0x0000000709d00000|  0%| F|  |TAMS 0x0000000709c00000, 0x0000000709c00000| Untracked 
| 133|0x0000000709d00000, 0x0000000709d00000, 0x0000000709e00000|  0%| F|  |TAMS 0x0000000709d00000, 0x0000000709d00000| Untracked 
| 134|0x0000000709e00000, 0x0000000709e00000, 0x0000000709f00000|  0%| F|  |TAMS 0x0000000709e00000, 0x0000000709e00000| Untracked 
| 135|0x0000000709f00000, 0x0000000709f00000, 0x000000070a000000|  0%| F|  |TAMS 0x0000000709f00000, 0x0000000709f00000| Untracked 
| 136|0x000000070a000000, 0x000000070a000000, 0x000000070a100000|  0%| F|  |TAMS 0x000000070a000000, 0x000000070a000000| Untracked 
| 137|0x000000070a100000, 0x000000070a100000, 0x000000070a200000|  0%| F|  |TAMS 0x000000070a100000, 0x000000070a100000| Untracked 
| 138|0x000000070a200000, 0x000000070a200000, 0x000000070a300000|  0%| F|  |TAMS 0x000000070a200000, 0x000000070a200000| Untracked 
| 139|0x000000070a300000, 0x000000070a300000, 0x000000070a400000|  0%| F|  |TAMS 0x000000070a300000, 0x000000070a300000| Untracked 
| 140|0x000000070a400000, 0x000000070a400000, 0x000000070a500000|  0%| F|  |TAMS 0x000000070a400000, 0x000000070a400000| Untracked 
| 141|0x000000070a500000, 0x000000070a500000, 0x000000070a600000|  0%| F|  |TAMS 0x000000070a500000, 0x000000070a500000| Untracked 
| 142|0x000000070a600000, 0x000000070a600000, 0x000000070a700000|  0%| F|  |TAMS 0x000000070a600000, 0x000000070a600000| Untracked 
| 143|0x000000070a700000, 0x000000070a700000, 0x000000070a800000|  0%| F|  |TAMS 0x000000070a700000, 0x000000070a700000| Untracked 
| 144|0x000000070a800000, 0x000000070a800000, 0x000000070a900000|  0%| F|  |TAMS 0x000000070a800000, 0x000000070a800000| Untracked 
| 145|0x000000070a900000, 0x000000070a900000, 0x000000070aa00000|  0%| F|  |TAMS 0x000000070a900000, 0x000000070a900000| Untracked 
| 146|0x000000070aa00000, 0x000000070aa00000, 0x000000070ab00000|  0%| F|  |TAMS 0x000000070aa00000, 0x000000070aa00000| Untracked 
| 147|0x000000070ab00000, 0x000000070ab00000, 0x000000070ac00000|  0%| F|  |TAMS 0x000000070ab00000, 0x000000070ab00000| Untracked 
| 148|0x000000070ac00000, 0x000000070ac00000, 0x000000070ad00000|  0%| F|  |TAMS 0x000000070ac00000, 0x000000070ac00000| Untracked 
| 149|0x000000070ad00000, 0x000000070ad00000, 0x000000070ae00000|  0%| F|  |TAMS 0x000000070ad00000, 0x000000070ad00000| Untracked 
| 150|0x000000070ae00000, 0x000000070ae00000, 0x000000070af00000|  0%| F|  |TAMS 0x000000070ae00000, 0x000000070ae00000| Untracked 
| 151|0x000000070af00000, 0x000000070af00000, 0x000000070b000000|  0%| F|  |TAMS 0x000000070af00000, 0x000000070af00000| Untracked 
| 152|0x000000070b000000, 0x000000070b000000, 0x000000070b100000|  0%| F|  |TAMS 0x000000070b000000, 0x000000070b000000| Untracked 
| 153|0x000000070b100000, 0x000000070b100000, 0x000000070b200000|  0%| F|  |TAMS 0x000000070b100000, 0x000000070b100000| Untracked 
| 154|0x000000070b200000, 0x000000070b200000, 0x000000070b300000|  0%| F|  |TAMS 0x000000070b200000, 0x000000070b200000| Untracked 
| 155|0x000000070b300000, 0x000000070b300000, 0x000000070b400000|  0%| F|  |TAMS 0x000000070b300000, 0x000000070b300000| Untracked 
| 156|0x000000070b400000, 0x000000070b400000, 0x000000070b500000|  0%| F|  |TAMS 0x000000070b400000, 0x000000070b400000| Untracked 
| 157|0x000000070b500000, 0x000000070b500000, 0x000000070b600000|  0%| F|  |TAMS 0x000000070b500000, 0x000000070b500000| Untracked 
| 158|0x000000070b600000, 0x000000070b600000, 0x000000070b700000|  0%| F|  |TAMS 0x000000070b600000, 0x000000070b600000| Untracked 
| 159|0x000000070b700000, 0x000000070b700000, 0x000000070b800000|  0%| F|  |TAMS 0x000000070b700000, 0x000000070b700000| Untracked 
| 160|0x000000070b800000, 0x000000070b800000, 0x000000070b900000|  0%| F|  |TAMS 0x000000070b800000, 0x000000070b800000| Untracked 
| 161|0x000000070b900000, 0x000000070b900000, 0x000000070ba00000|  0%| F|  |TAMS 0x000000070b900000, 0x000000070b900000| Untracked 
| 162|0x000000070ba00000, 0x000000070ba00000, 0x000000070bb00000|  0%| F|  |TAMS 0x000000070ba00000, 0x000000070ba00000| Untracked 
| 163|0x000000070bb00000, 0x000000070bb00000, 0x000000070bc00000|  0%| F|  |TAMS 0x000000070bb00000, 0x000000070bb00000| Untracked 
| 164|0x000000070bc00000, 0x000000070bc00000, 0x000000070bd00000|  0%| F|  |TAMS 0x000000070bc00000, 0x000000070bc00000| Untracked 
| 165|0x000000070bd00000, 0x000000070bd00000, 0x000000070be00000|  0%| F|  |TAMS 0x000000070bd00000, 0x000000070bd00000| Untracked 
| 166|0x000000070be00000, 0x000000070be00000, 0x000000070bf00000|  0%| F|  |TAMS 0x000000070be00000, 0x000000070be00000| Untracked 
| 167|0x000000070bf00000, 0x000000070bf00000, 0x000000070c000000|  0%| F|  |TAMS 0x000000070bf00000, 0x000000070bf00000| Untracked 
| 168|0x000000070c000000, 0x000000070c000000, 0x000000070c100000|  0%| F|  |TAMS 0x000000070c000000, 0x000000070c000000| Untracked 
| 169|0x000000070c100000, 0x000000070c100000, 0x000000070c200000|  0%| F|  |TAMS 0x000000070c100000, 0x000000070c100000| Untracked 
| 170|0x000000070c200000, 0x000000070c200000, 0x000000070c300000|  0%| F|  |TAMS 0x000000070c200000, 0x000000070c200000| Untracked 
| 171|0x000000070c300000, 0x000000070c300000, 0x000000070c400000|  0%| F|  |TAMS 0x000000070c300000, 0x000000070c300000| Untracked 
| 172|0x000000070c400000, 0x000000070c400000, 0x000000070c500000|  0%| F|  |TAMS 0x000000070c400000, 0x000000070c400000| Untracked 
| 173|0x000000070c500000, 0x000000070c500000, 0x000000070c600000|  0%| F|  |TAMS 0x000000070c500000, 0x000000070c500000| Untracked 
| 174|0x000000070c600000, 0x000000070c600000, 0x000000070c700000|  0%| F|  |TAMS 0x000000070c600000, 0x000000070c600000| Untracked 
| 175|0x000000070c700000, 0x000000070c700000, 0x000000070c800000|  0%| F|  |TAMS 0x000000070c700000, 0x000000070c700000| Untracked 
| 176|0x000000070c800000, 0x000000070c800000, 0x000000070c900000|  0%| F|  |TAMS 0x000000070c800000, 0x000000070c800000| Untracked 
| 177|0x000000070c900000, 0x000000070c900000, 0x000000070ca00000|  0%| F|  |TAMS 0x000000070c900000, 0x000000070c900000| Untracked 
| 178|0x000000070ca00000, 0x000000070ca00000, 0x000000070cb00000|  0%| F|  |TAMS 0x000000070ca00000, 0x000000070ca00000| Untracked 
| 179|0x000000070cb00000, 0x000000070cb00000, 0x000000070cc00000|  0%| F|  |TAMS 0x000000070cb00000, 0x000000070cb00000| Untracked 
| 180|0x000000070cc00000, 0x000000070cc00000, 0x000000070cd00000|  0%| F|  |TAMS 0x000000070cc00000, 0x000000070cc00000| Untracked 
| 181|0x000000070cd00000, 0x000000070cd00000, 0x000000070ce00000|  0%| F|  |TAMS 0x000000070cd00000, 0x000000070cd00000| Untracked 
| 182|0x000000070ce00000, 0x000000070ce00000, 0x000000070cf00000|  0%| F|  |TAMS 0x000000070ce00000, 0x000000070ce00000| Untracked 
| 183|0x000000070cf00000, 0x000000070cf00000, 0x000000070d000000|  0%| F|  |TAMS 0x000000070cf00000, 0x000000070cf00000| Untracked 
| 184|0x000000070d000000, 0x000000070d000000, 0x000000070d100000|  0%| F|  |TAMS 0x000000070d000000, 0x000000070d000000| Untracked 
| 185|0x000000070d100000, 0x000000070d100000, 0x000000070d200000|  0%| F|  |TAMS 0x000000070d100000, 0x000000070d100000| Untracked 
| 186|0x000000070d200000, 0x000000070d200000, 0x000000070d300000|  0%| F|  |TAMS 0x000000070d200000, 0x000000070d200000| Untracked 
| 187|0x000000070d300000, 0x000000070d300000, 0x000000070d400000|  0%| F|  |TAMS 0x000000070d300000, 0x000000070d300000| Untracked 
| 188|0x000000070d400000, 0x000000070d400000, 0x000000070d500000|  0%| F|  |TAMS 0x000000070d400000, 0x000000070d400000| Untracked 
| 189|0x000000070d500000, 0x000000070d500000, 0x000000070d600000|  0%| F|  |TAMS 0x000000070d500000, 0x000000070d500000| Untracked 
| 190|0x000000070d600000, 0x000000070d600000, 0x000000070d700000|  0%| F|  |TAMS 0x000000070d600000, 0x000000070d600000| Untracked 
| 191|0x000000070d700000, 0x000000070d700000, 0x000000070d800000|  0%| F|  |TAMS 0x000000070d700000, 0x000000070d700000| Untracked 
| 192|0x000000070d800000, 0x000000070d800000, 0x000000070d900000|  0%| F|  |TAMS 0x000000070d800000, 0x000000070d800000| Untracked 
| 193|0x000000070d900000, 0x000000070d900000, 0x000000070da00000|  0%| F|  |TAMS 0x000000070d900000, 0x000000070d900000| Untracked 
| 194|0x000000070da00000, 0x000000070da00000, 0x000000070db00000|  0%| F|  |TAMS 0x000000070da00000, 0x000000070da00000| Untracked 
| 195|0x000000070db00000, 0x000000070db00000, 0x000000070dc00000|  0%| F|  |TAMS 0x000000070db00000, 0x000000070db00000| Untracked 
| 196|0x000000070dc00000, 0x000000070dc00000, 0x000000070dd00000|  0%| F|  |TAMS 0x000000070dc00000, 0x000000070dc00000| Untracked 
| 197|0x000000070dd00000, 0x000000070dd00000, 0x000000070de00000|  0%| F|  |TAMS 0x000000070dd00000, 0x000000070dd00000| Untracked 
| 198|0x000000070de00000, 0x000000070de00000, 0x000000070df00000|  0%| F|  |TAMS 0x000000070de00000, 0x000000070de00000| Untracked 
| 199|0x000000070df00000, 0x000000070df00000, 0x000000070e000000|  0%| F|  |TAMS 0x000000070df00000, 0x000000070df00000| Untracked 
| 200|0x000000070e000000, 0x000000070e027e08, 0x000000070e100000| 15%| E|  |TAMS 0x000000070e000000, 0x000000070e000000| Complete 
| 201|0x000000070e100000, 0x000000070e200000, 0x000000070e200000|100%| E|CS|TAMS 0x000000070e100000, 0x000000070e100000| Complete 
| 202|0x000000070e200000, 0x000000070e300000, 0x000000070e300000|100%| E|CS|TAMS 0x000000070e200000, 0x000000070e200000| Complete 
| 203|0x000000070e300000, 0x000000070e400000, 0x000000070e400000|100%| E|CS|TAMS 0x000000070e300000, 0x000000070e300000| Complete 
| 204|0x000000070e400000, 0x000000070e500000, 0x000000070e500000|100%| E|CS|TAMS 0x000000070e400000, 0x000000070e400000| Complete 
| 205|0x000000070e500000, 0x000000070e5f6980, 0x000000070e600000| 96%| E|  |TAMS 0x000000070e500000, 0x000000070e500000| Complete 
| 206|0x000000070e600000, 0x000000070e700000, 0x000000070e700000|100%| E|CS|TAMS 0x000000070e600000, 0x000000070e600000| Complete 
| 207|0x000000070e700000, 0x000000070e800000, 0x000000070e800000|100%| E|CS|TAMS 0x000000070e700000, 0x000000070e700000| Complete 
| 208|0x000000070e800000, 0x000000070e900000, 0x000000070e900000|100%| E|CS|TAMS 0x000000070e800000, 0x000000070e800000| Complete 
| 209|0x000000070e900000, 0x000000070ea00000, 0x000000070ea00000|100%| E|CS|TAMS 0x000000070e900000, 0x000000070e900000| Complete 
| 210|0x000000070ea00000, 0x000000070eb00000, 0x000000070eb00000|100%| E|CS|TAMS 0x000000070ea00000, 0x000000070ea00000| Complete 
| 211|0x000000070eb00000, 0x000000070ec00000, 0x000000070ec00000|100%| E|CS|TAMS 0x000000070eb00000, 0x000000070eb00000| Complete 
| 212|0x000000070ec00000, 0x000000070ed00000, 0x000000070ed00000|100%| E|CS|TAMS 0x000000070ec00000, 0x000000070ec00000| Complete 
| 213|0x000000070ed00000, 0x000000070ee00000, 0x000000070ee00000|100%| E|CS|TAMS 0x000000070ed00000, 0x000000070ed00000| Complete 
| 214|0x000000070ee00000, 0x000000070ef00000, 0x000000070ef00000|100%| E|CS|TAMS 0x000000070ee00000, 0x000000070ee00000| Complete 
| 215|0x000000070ef00000, 0x000000070f000000, 0x000000070f000000|100%| E|CS|TAMS 0x000000070ef00000, 0x000000070ef00000| Complete 
| 216|0x000000070f000000, 0x000000070f100000, 0x000000070f100000|100%| E|CS|TAMS 0x000000070f000000, 0x000000070f000000| Complete 
| 217|0x000000070f100000, 0x000000070f200000, 0x000000070f200000|100%| E|CS|TAMS 0x000000070f100000, 0x000000070f100000| Complete 
| 218|0x000000070f200000, 0x000000070f300000, 0x000000070f300000|100%| E|CS|TAMS 0x000000070f200000, 0x000000070f200000| Complete 
| 219|0x000000070f300000, 0x000000070f400000, 0x000000070f400000|100%| E|CS|TAMS 0x000000070f300000, 0x000000070f300000| Complete 
| 220|0x000000070f400000, 0x000000070f500000, 0x000000070f500000|100%| E|CS|TAMS 0x000000070f400000, 0x000000070f400000| Complete 
| 221|0x000000070f500000, 0x000000070f600000, 0x000000070f600000|100%| E|CS|TAMS 0x000000070f500000, 0x000000070f500000| Complete 
| 222|0x000000070f600000, 0x000000070f700000, 0x000000070f700000|100%| E|CS|TAMS 0x000000070f600000, 0x000000070f600000| Complete 
| 223|0x000000070f700000, 0x000000070f800000, 0x000000070f800000|100%| E|CS|TAMS 0x000000070f700000, 0x000000070f700000| Complete 
| 224|0x000000070f800000, 0x000000070f900000, 0x000000070f900000|100%| E|CS|TAMS 0x000000070f800000, 0x000000070f800000| Complete 
| 225|0x000000070f900000, 0x000000070fa00000, 0x000000070fa00000|100%| E|CS|TAMS 0x000000070f900000, 0x000000070f900000| Complete 
| 226|0x000000070fa00000, 0x000000070fa38c98, 0x000000070fb00000| 22%| S|CS|TAMS 0x000000070fa00000, 0x000000070fa00000| Complete 
| 227|0x000000070fb00000, 0x000000070fc00000, 0x000000070fc00000|100%| S|CS|TAMS 0x000000070fb00000, 0x000000070fb00000| Complete 
| 228|0x000000070fc00000, 0x000000070fd00000, 0x000000070fd00000|100%| S|CS|TAMS 0x000000070fc00000, 0x000000070fc00000| Complete 
| 229|0x000000070fd00000, 0x000000070fe00000, 0x000000070fe00000|100%| E|CS|TAMS 0x000000070fd00000, 0x000000070fd00000| Complete 
| 230|0x000000070fe00000, 0x000000070ff00000, 0x000000070ff00000|100%| E|CS|TAMS 0x000000070fe00000, 0x000000070fe00000| Complete 
| 231|0x000000070ff00000, 0x0000000710000000, 0x0000000710000000|100%| E|CS|TAMS 0x000000070ff00000, 0x000000070ff00000| Complete 
| 232|0x0000000710000000, 0x0000000710100000, 0x0000000710100000|100%| E|CS|TAMS 0x0000000710000000, 0x0000000710000000| Complete 
| 233|0x0000000710100000, 0x0000000710200000, 0x0000000710200000|100%| E|CS|TAMS 0x0000000710100000, 0x0000000710100000| Complete 
| 234|0x0000000710200000, 0x0000000710300000, 0x0000000710300000|100%| E|CS|TAMS 0x0000000710200000, 0x0000000710200000| Complete 
| 235|0x0000000710300000, 0x0000000710400000, 0x0000000710400000|100%| E|CS|TAMS 0x0000000710300000, 0x0000000710300000| Complete 
| 236|0x0000000710400000, 0x0000000710500000, 0x0000000710500000|100%| E|CS|TAMS 0x0000000710400000, 0x0000000710400000| Complete 
| 237|0x0000000710500000, 0x0000000710600000, 0x0000000710600000|100%| E|CS|TAMS 0x0000000710500000, 0x0000000710500000| Complete 
| 238|0x0000000710600000, 0x0000000710700000, 0x0000000710700000|100%| E|CS|TAMS 0x0000000710600000, 0x0000000710600000| Complete 
| 239|0x0000000710700000, 0x0000000710800000, 0x0000000710800000|100%| E|CS|TAMS 0x0000000710700000, 0x0000000710700000| Complete 
| 240|0x0000000710800000, 0x0000000710900000, 0x0000000710900000|100%| E|CS|TAMS 0x0000000710800000, 0x0000000710800000| Complete 
| 241|0x0000000710900000, 0x0000000710a00000, 0x0000000710a00000|100%| E|CS|TAMS 0x0000000710900000, 0x0000000710900000| Complete 
| 242|0x0000000710a00000, 0x0000000710b00000, 0x0000000710b00000|100%| E|CS|TAMS 0x0000000710a00000, 0x0000000710a00000| Complete 
| 243|0x0000000710b00000, 0x0000000710c00000, 0x0000000710c00000|100%| E|CS|TAMS 0x0000000710b00000, 0x0000000710b00000| Complete 
| 244|0x0000000710c00000, 0x0000000710d00000, 0x0000000710d00000|100%| E|CS|TAMS 0x0000000710c00000, 0x0000000710c00000| Complete 
| 245|0x0000000710d00000, 0x0000000710e00000, 0x0000000710e00000|100%| E|CS|TAMS 0x0000000710d00000, 0x0000000710d00000| Complete 
| 246|0x0000000710e00000, 0x0000000710f00000, 0x0000000710f00000|100%| E|CS|TAMS 0x0000000710e00000, 0x0000000710e00000| Complete 
| 247|0x0000000710f00000, 0x0000000711000000, 0x0000000711000000|100%| E|CS|TAMS 0x0000000710f00000, 0x0000000710f00000| Complete 
| 248|0x0000000711000000, 0x0000000711100000, 0x0000000711100000|100%| E|CS|TAMS 0x0000000711000000, 0x0000000711000000| Complete 
| 249|0x0000000711100000, 0x0000000711200000, 0x0000000711200000|100%| E|CS|TAMS 0x0000000711100000, 0x0000000711100000| Complete 
| 250|0x0000000711200000, 0x0000000711300000, 0x0000000711300000|100%| E|CS|TAMS 0x0000000711200000, 0x0000000711200000| Complete 
| 251|0x0000000711300000, 0x0000000711400000, 0x0000000711400000|100%| E|CS|TAMS 0x0000000711300000, 0x0000000711300000| Complete 
| 252|0x0000000711400000, 0x0000000711500000, 0x0000000711500000|100%| E|CS|TAMS 0x0000000711400000, 0x0000000711400000| Complete 
| 253|0x0000000711500000, 0x0000000711600000, 0x0000000711600000|100%| E|CS|TAMS 0x0000000711500000, 0x0000000711500000| Complete 
| 254|0x0000000711600000, 0x0000000711700000, 0x0000000711700000|100%| E|CS|TAMS 0x0000000711600000, 0x0000000711600000| Complete 
| 255|0x0000000711700000, 0x0000000711800000, 0x0000000711800000|100%| E|CS|TAMS 0x0000000711700000, 0x0000000711700000| Complete 

Card table byte_map: [0x0000023afa380000,0x0000023afab80000] _byte_map_base: 0x0000023af6b74000

Marking Bits (Prev, Next): (CMBitMap*) 0x0000023af97ea190, (CMBitMap*) 0x0000023af97ea158
 Prev Bits: [0x0000023a973e0000, 0x0000023a9b380000)
 Next Bits: [0x0000023afb380000, 0x0000023aff320000)

Polling page: 0x0000023af7910000

Metaspace:

Usage:
  Non-class:     21.71 MB capacity,    21.35 MB ( 98%) used,   302.95 KB (  1%) free+waste,    68.81 KB ( <1%) overhead. 
      Class:      2.93 MB capacity,     2.68 MB ( 92%) used,   220.58 KB (  7%) free+waste,    33.00 KB (  1%) overhead. 
       Both:     24.64 MB capacity,    24.03 MB ( 98%) used,   523.52 KB (  2%) free+waste,   101.81 KB ( <1%) overhead. 

Virtual space:
  Non-class space:       22.00 MB reserved,      21.92 MB (>99%) committed 
      Class space:        1.00 GB reserved,       3.00 MB ( <1%) committed 
             Both:        1.02 GB reserved,      24.92 MB (  2%) committed 

Chunk freelists:
   Non-Class:  3.25 KB
       Class:  1.25 KB
        Both:  4.50 KB

CodeHeap 'non-profiled nmethods': size=120000Kb used=1123Kb max_used=1123Kb free=118876Kb
 bounds [0x0000023a8feb0000, 0x0000023a90120000, 0x0000023a973e0000]
CodeHeap 'profiled nmethods': size=120000Kb used=4431Kb max_used=4431Kb free=115568Kb
 bounds [0x0000023a88980000, 0x0000023a88de0000, 0x0000023a8feb0000]
CodeHeap 'non-nmethods': size=5760Kb used=1203Kb max_used=1254Kb free=4556Kb
 bounds [0x0000023a883e0000, 0x0000023a88650000, 0x0000023a88980000]
 total_blobs=2595 nmethods=2168 adapters=346
 compilation: enabled
              stopped_count=0, restarted_count=0
 full_count=0

Compilation events (10 events):
Event: 2.428 Thread 0x0000023a9dc93000 2160       3       org.springframework.core.annotation.MissingMergedAnnotation::getInstance (4 bytes)
Event: 2.428 Thread 0x0000023a9dc93000 nmethod 2160 0x0000023a88dce190 code [0x0000023a88dce320, 0x0000023a88dce418]
Event: 2.428 Thread 0x0000023a9dc93000 2161       3       org.springframework.core.annotation.TypeMappedAnnotations::access$100 (7 bytes)
Event: 2.428 Thread 0x0000023a9dc93000 nmethod 2161 0x0000023a88dce490 code [0x0000023a88dce640, 0x0000023a88dce768]
Event: 2.428 Thread 0x0000023a9dc93000 2162       3       org.springframework.core.annotation.TypeMappedAnnotations::isMappingForType (41 bytes)
Event: 2.428 Thread 0x0000023a9dc93000 nmethod 2162 0x0000023a88dce810 code [0x0000023a88dcea00, 0x0000023a88dcee28]
Event: 2.428 Thread 0x0000023a9dc93000 2163       3       org.springframework.core.annotation.AnnotationTypeMapping::collectAliases (73 bytes)
Event: 2.429 Thread 0x0000023a9dc93000 nmethod 2163 0x0000023a88dcf010 code [0x0000023a88dcf220, 0x0000023a88dcf958]
Event: 2.429 Thread 0x0000023a9dc93000 2164       1       org.springframework.core.annotation.AnnotationTypeMapping::getSource (5 bytes)
Event: 2.429 Thread 0x0000023a9dc93000 nmethod 2164 0x0000023a8ffc8510 code [0x0000023a8ffc86a0, 0x0000023a8ffc8758]

GC Heap History (6 events):
Event: 0.765 GC heap before
{Heap before GC invocations=0 (full 0):
 garbage-first heap   total 262144K, used 24576K [0x0000000701800000, 0x0000000800000000)
  region size 1024K, 24 young (24576K), 0 survivors (0K)
 Metaspace       used 10551K, capacity 10759K, committed 10880K, reserved 1058816K
  class space    used 993K, capacity 1059K, committed 1152K, reserved 1048576K
}
Event: 0.768 GC heap after
{Heap after GC invocations=1 (full 0):
 garbage-first heap   total 262144K, used 7879K [0x0000000701800000, 0x0000000800000000)
  region size 1024K, 3 young (3072K), 3 survivors (3072K)
 Metaspace       used 10551K, capacity 10759K, committed 10880K, reserved 1058816K
  class space    used 993K, capacity 1059K, committed 1152K, reserved 1048576K
}
Event: 1.489 GC heap before
{Heap before GC invocations=1 (full 0):
 garbage-first heap   total 262144K, used 30407K [0x0000000701800000, 0x0000000800000000)
  region size 1024K, 25 young (25600K), 3 survivors (3072K)
 Metaspace       used 16126K, capacity 16536K, committed 16768K, reserved 1064960K
  class space    used 1710K, capacity 1868K, committed 1920K, reserved 1048576K
}
Event: 1.493 GC heap after
{Heap after GC invocations=2 (full 0):
 garbage-first heap   total 262144K, used 9481K [0x0000000701800000, 0x0000000800000000)
  region size 1024K, 2 young (2048K), 2 survivors (2048K)
 Metaspace       used 16126K, capacity 16536K, committed 16768K, reserved 1064960K
  class space    used 1710K, capacity 1868K, committed 1920K, reserved 1048576K
}
Event: 2.003 GC heap before
{Heap before GC invocations=2 (full 0):
 garbage-first heap   total 262144K, used 34057K [0x0000000701800000, 0x0000000800000000)
  region size 1024K, 27 young (27648K), 2 survivors (2048K)
 Metaspace       used 20580K, capacity 21158K, committed 21296K, reserved 1069056K
  class space    used 2209K, capacity 2409K, committed 2432K, reserved 1048576K
}
Event: 2.007 GC heap after
{Heap after GC invocations=3 (full 0):
 garbage-first heap   total 262144K, used 10276K [0x0000000701800000, 0x0000000800000000)
  region size 1024K, 3 young (3072K), 3 survivors (3072K)
 Metaspace       used 20580K, capacity 21158K, committed 21296K, reserved 1069056K
  class space    used 2209K, capacity 2409K, committed 2432K, reserved 1048576K
}

Deoptimization events (10 events):
Event: 1.903 Thread 0x0000023af9787000 Uncommon trap: reason=unstable_if action=reinterpret pc=0x0000023a8ff05674 method=java.util.HashMap.getNode(ILjava/lang/Object;)Ljava/util/HashMap$Node; @ 129 c2
Event: 1.903 Thread 0x0000023af9787000 Uncommon trap: reason=class_check action=maybe_recompile pc=0x0000023a8ff49c84 method=java.util.HashMap.putVal(ILjava/lang/Object;Ljava/lang/Object;ZZ)Ljava/lang/Object; @ 203 c2
Event: 1.918 Thread 0x0000023af9787000 Uncommon trap: reason=class_check action=maybe_recompile pc=0x0000023a8ff49c84 method=java.util.HashMap.putVal(ILjava/lang/Object;Ljava/lang/Object;ZZ)Ljava/lang/Object; @ 203 c2
Event: 1.975 Thread 0x0000023a9f33a800 Uncommon trap: reason=unstable_if action=reinterpret pc=0x0000023a8ff33784 method=java.util.concurrent.ConcurrentHashMap.addCount(JI)V @ 168 c2
Event: 2.095 Thread 0x0000023af9787000 Uncommon trap: reason=unstable_if action=reinterpret pc=0x0000023a8ff12d58 method=java.util.concurrent.ConcurrentHashMap.get(Ljava/lang/Object;)Ljava/lang/Object; @ 76 c2
Event: 2.158 Thread 0x0000023af9787000 Uncommon trap: reason=unstable_if action=reinterpret pc=0x0000023a8ff2ef5c method=java.io.WinNTFileSystem.normalize(Ljava/lang/String;)Ljava/lang/String; @ 128 c2
Event: 2.158 Thread 0x0000023af9787000 Uncommon trap: reason=unstable_if action=reinterpret pc=0x0000023a8fed011c method=java.util.zip.ZipFile$Source.getEntryPos([BZ)I @ 156 c2
Event: 2.165 Thread 0x0000023a9f33a800 Uncommon trap: reason=unstable_if action=reinterpret pc=0x0000023a8ff4ee7c method=jdk.internal.org.objectweb.asm.Type.getArgumentsAndReturnSizes(Ljava/lang/String;)I @ 47 c2
Event: 2.165 Thread 0x0000023a9f33a800 Uncommon trap: reason=unstable_if action=reinterpret pc=0x0000023a8ff7884c method=jdk.internal.org.objectweb.asm.Frame.push(Ljdk/internal/org/objectweb/asm/ClassWriter;Ljava/lang/String;)V @ 18 c2
Event: 2.380 Thread 0x0000023af9787000 Uncommon trap: reason=bimorphic_or_optimized_type_check action=maybe_recompile pc=0x0000023a8ff7d6c4 method=java.util.HashMap.putVal(ILjava/lang/Object;Ljava/lang/Object;ZZ)Ljava/lang/Object; @ 203 c2

Classes redefined (0 events):
No events

Internal exceptions (10 events):
Event: 2.115 Thread 0x0000023af9787000 Exception <a 'java/lang/ClassNotFoundException'{0x0000000710b9a448}: org/springframework/beans/factory/BeanClassLoaderAwareCustomizer> (0x0000000710b9a448) thrown at [./open/src/hotspot/share/classfile/systemDictionary.cpp, line 228]
Event: 2.116 Thread 0x0000023af9787000 Exception <a 'java/lang/ClassNotFoundException'{0x0000000710babfe8}: org/springframework/beans/factory/AwareCustomizer> (0x0000000710babfe8) thrown at [./open/src/hotspot/share/classfile/systemDictionary.cpp, line 228]
Event: 2.117 Thread 0x0000023af9787000 Exception <a 'java/lang/ClassNotFoundException'{0x0000000710bbdb50}: org/springframework/context/EnvironmentAwareCustomizer> (0x0000000710bbdb50) thrown at [./open/src/hotspot/share/classfile/systemDictionary.cpp, line 228]
Event: 2.118 Thread 0x0000023af9787000 Exception <a 'java/lang/ClassNotFoundException'{0x0000000710bcf668}: org/springframework/beans/factory/AwareCustomizer> (0x0000000710bcf668) thrown at [./open/src/hotspot/share/classfile/systemDictionary.cpp, line 228]
Event: 2.165 Thread 0x0000023a9f33a800 Exception <a 'java/lang/NoSuchMethodError'{0x00000007107c2f28}: java.lang.invoke.DirectMethodHandle$Holder.invokeSpecial(Ljava/lang/Object;Ljava/lang/Object;)J> (0x00000007107c2f28) thrown at [./open/src/hotspot/share/interpreter/linkResolver.cpp, line 77
Event: 2.168 Thread 0x0000023a9f33a800 Exception <a 'java/lang/NoSuchMethodError'{0x00000007107cd5e8}: java.lang.invoke.DirectMethodHandle$Holder.invokeStatic(Ljava/lang/Object;Ljava/lang/Object;)J> (0x00000007107cd5e8) thrown at [./open/src/hotspot/share/interpreter/linkResolver.cpp, line 772
Event: 2.168 Thread 0x0000023a9f33a800 Exception <a 'java/lang/NoSuchMethodError'{0x00000007107d0410}: java.lang.invoke.DirectMethodHandle$Holder.invokeStaticInit(Ljava/lang/Object;Ljava/lang/Object;)J> (0x00000007107d0410) thrown at [./open/src/hotspot/share/interpreter/linkResolver.cpp, line
Event: 2.171 Thread 0x0000023a9f33a800 Exception <a 'java/lang/NoSuchMethodError'{0x00000007107dc8d0}: java.lang.invoke.DirectMethodHandle$Holder.invokeInterface(Ljava/lang/Object;Ljava/lang/Object;)J> (0x00000007107dc8d0) thrown at [./open/src/hotspot/share/interpreter/linkResolver.cpp, line 
Event: 2.172 Thread 0x0000023a9f33a800 Exception <a 'java/lang/IncompatibleClassChangeError'{0x00000007107df668}: Found class java.lang.Object, but interface was expected> (0x00000007107df668) thrown at [./open/src/hotspot/share/interpreter/linkResolver.cpp, line 838]
Event: 2.185 Thread 0x0000023a9f33a800 Exception <a 'java/lang/NoSuchMethodError'{0x0000000710518f18}: java.lang.invoke.DirectMethodHandle$Holder.invokeVirtual(Ljava/lang/Object;Ljava/lang/Object;Ljava/lang/Object;Ljava/lang/Object;)Ljava/lang/Object;> (0x0000000710518f18) thrown at [./open/sr

Events (10 events):
Event: 2.440 loading class org/springframework/boot/autoconfigure/condition/OnBeanCondition$SingleCandidateSpec
Event: 2.440 loading class org/springframework/boot/autoconfigure/condition/OnBeanCondition$SingleCandidateSpec done
Event: 2.441 loading class org/springframework/boot/autoconfigure/condition/OnClassCondition
Event: 2.441 loading class org/springframework/boot/autoconfigure/condition/OnClassCondition done
Event: 2.441 loading class org/springframework/boot/autoconfigure/condition/OnClassCondition$OutcomesResolver
Event: 2.441 loading class org/springframework/boot/autoconfigure/condition/OnClassCondition$OutcomesResolver done
Event: 2.442 loading class org/springframework/boot/autoconfigure/condition/OnWebApplicationCondition
Event: 2.442 loading class org/springframework/boot/autoconfigure/condition/OnWebApplicationCondition done
Event: 2.443 loading class org/springframework/boot/autoconfigure/AutoConfigurationImportSelector$ConfigurationClassFilter
Event: 2.443 loading class org/springframework/boot/autoconfigure/AutoConfigurationImportSelector$ConfigurationClassFilter done


Dynamic libraries:
0x00007ff73ebb0000 - 0x00007ff73ebbf000 	C:\Program Files\Java\jdk-11.0.12\bin\java.exe
0x00007ff8bdb30000 - 0x00007ff8bdd25000 	C:\WINDOWS\SYSTEM32\ntdll.dll
0x00007ff8bc9c0000 - 0x00007ff8bca7e000 	C:\WINDOWS\System32\KERNEL32.DLL
0x00007ff8bb250000 - 0x00007ff8bb518000 	C:\WINDOWS\System32\KERNELBASE.dll
0x00007ff8bb790000 - 0x00007ff8bb890000 	C:\WINDOWS\System32\ucrtbase.dll
0x00007ff8b5b70000 - 0x00007ff8b5b85000 	C:\Program Files\Java\jdk-11.0.12\bin\VCRUNTIME140.dll
0x00007ff8b8250000 - 0x00007ff8b8268000 	C:\Program Files\Java\jdk-11.0.12\bin\jli.dll
0x00007ff8bc270000 - 0x00007ff8bc31e000 	C:\WINDOWS\System32\ADVAPI32.dll
0x00007ff8bbef0000 - 0x00007ff8bbf8e000 	C:\WINDOWS\System32\msvcrt.dll
0x00007ff8bd1d0000 - 0x00007ff8bd26c000 	C:\WINDOWS\System32\sechost.dll
0x00007ff8bc550000 - 0x00007ff8bc675000 	C:\WINDOWS\System32\RPCRT4.dll
0x00007ff8bc320000 - 0x00007ff8bc4c0000 	C:\WINDOWS\System32\USER32.dll
0x00007ff8a6de0000 - 0x00007ff8a707a000 	C:\WINDOWS\WinSxS\amd64_microsoft.windows.common-controls_6595b64144ccf1df_6.0.19041.1110_none_60b5254171f9507e\COMCTL32.dll
0x00007ff8bb220000 - 0x00007ff8bb242000 	C:\WINDOWS\System32\win32u.dll
0x00007ff8bc4c0000 - 0x00007ff8bc4eb000 	C:\WINDOWS\System32\GDI32.dll
0x00007ff8bb8c0000 - 0x00007ff8bb9cb000 	C:\WINDOWS\System32\gdi32full.dll
0x00007ff8bb590000 - 0x00007ff8bb62d000 	C:\WINDOWS\System32\msvcp_win.dll
0x00007ff8ba070000 - 0x00007ff8ba07a000 	C:\WINDOWS\SYSTEM32\VERSION.dll
0x00007ff8bc680000 - 0x00007ff8bc6b0000 	C:\WINDOWS\System32\IMM32.DLL
0x00007ff8b06d0000 - 0x00007ff8b076b000 	C:\Program Files\Java\jdk-11.0.12\bin\msvcp140.dll
0x00007ff8897c0000 - 0x00007ff88a2bf000 	C:\Program Files\Java\jdk-11.0.12\bin\server\jvm.dll
0x00007ff8bbee0000 - 0x00007ff8bbee8000 	C:\WINDOWS\System32\PSAPI.DLL
0x00007ff8a3d00000 - 0x00007ff8a3d27000 	C:\WINDOWS\SYSTEM32\WINMM.dll
0x00007ff8a7310000 - 0x00007ff8a7319000 	C:\WINDOWS\SYSTEM32\WSOCK32.dll
0x00007ff8bd320000 - 0x00007ff8bd38b000 	C:\WINDOWS\System32\WS2_32.dll
0x00007ff8ba030000 - 0x00007ff8ba042000 	C:\WINDOWS\SYSTEM32\kernel.appcore.dll
0x00007ff8b82d0000 - 0x00007ff8b82e0000 	C:\Program Files\Java\jdk-11.0.12\bin\verify.dll
0x00007ff8b9620000 - 0x00007ff8b9804000 	C:\WINDOWS\SYSTEM32\DBGHELP.DLL
0x00007ff8a2d70000 - 0x00007ff8a2d9c000 	C:\WINDOWS\SYSTEM32\dbgcore.DLL
0x00007ff8bbad0000 - 0x00007ff8bbb52000 	C:\WINDOWS\System32\bcryptPrimitives.dll
0x00007ff8b06a0000 - 0x00007ff8b06c8000 	C:\Program Files\Java\jdk-11.0.12\bin\java.dll
0x00007ff8b6620000 - 0x00007ff8b662a000 	C:\Program Files\Java\jdk-11.0.12\bin\jimage.dll
0x00007ff8a4660000 - 0x00007ff8a4698000 	C:\Program Files\Java\jdk-11.0.12\bin\jdwp.dll
0x00007ff8b36a0000 - 0x00007ff8b36b6000 	C:\Program Files\Java\jdk-11.0.12\bin\zip.dll
0x00007ff8bca80000 - 0x00007ff8bd1c4000 	C:\WINDOWS\System32\SHELL32.dll
0x00007ff8b8dc0000 - 0x00007ff8b9554000 	C:\WINDOWS\SYSTEM32\windows.storage.dll
0x00007ff8bbb60000 - 0x00007ff8bbeb4000 	C:\WINDOWS\System32\combase.dll
0x00007ff8bac80000 - 0x00007ff8bacac000 	C:\WINDOWS\SYSTEM32\Wldp.dll
0x00007ff8bd270000 - 0x00007ff8bd31d000 	C:\WINDOWS\System32\SHCORE.dll
0x00007ff8bd390000 - 0x00007ff8bd3e5000 	C:\WINDOWS\System32\shlwapi.dll
0x00007ff8bb160000 - 0x00007ff8bb17f000 	C:\WINDOWS\SYSTEM32\profapi.dll
0x00007ff8b5b60000 - 0x00007ff8b5b6a000 	C:\Program Files\Java\jdk-11.0.12\bin\dt_socket.dll
0x00007ff8ba9e0000 - 0x00007ff8baa4a000 	C:\WINDOWS\system32\mswsock.dll
0x00007ff8b0680000 - 0x00007ff8b0699000 	C:\Program Files\Java\jdk-11.0.12\bin\net.dll
0x00007ff8b2e30000 - 0x00007ff8b2f39000 	C:\WINDOWS\SYSTEM32\WINHTTP.dll
0x00007ff8a4200000 - 0x00007ff8a4212000 	C:\Program Files\Java\jdk-11.0.12\bin\nio.dll
0x00007ff8b0670000 - 0x00007ff8b0679000 	C:\Program Files\Java\jdk-11.0.12\bin\management.dll
0x00007ff8a48f0000 - 0x00007ff8a48fb000 	C:\Program Files\Java\jdk-11.0.12\bin\management_ext.dll
0x00007ff890c20000 - 0x00007ff890c37000 	C:\WINDOWS\system32\napinsp.dll
0x00007ff8927b0000 - 0x00007ff8927cb000 	C:\WINDOWS\system32\pnrpnsp.dll
0x00007ff893c30000 - 0x00007ff893c45000 	C:\WINDOWS\system32\wshbth.dll
0x00007ff8b80e0000 - 0x00007ff8b80fd000 	C:\WINDOWS\system32\NLAapi.dll
0x00007ff8ba680000 - 0x00007ff8ba6bb000 	C:\WINDOWS\SYSTEM32\IPHLPAPI.DLL
0x00007ff8ba6c0000 - 0x00007ff8ba78a000 	C:\WINDOWS\SYSTEM32\DNSAPI.dll
0x00007ff8bd990000 - 0x00007ff8bd998000 	C:\WINDOWS\System32\NSI.dll
0x00007ff8927d0000 - 0x00007ff8927e2000 	C:\WINDOWS\System32\winrnr.dll
0x00007ff8b4450000 - 0x00007ff8b445a000 	C:\Windows\System32\rasadhlp.dll
0x00007ff8b5f00000 - 0x00007ff8b5f7f000 	C:\WINDOWS\System32\fwpuclnt.dll
0x00007ff8bb890000 - 0x00007ff8bb8b7000 	C:\WINDOWS\System32\bcrypt.dll

dbghelp: loaded successfully - version: 4.0.5 - missing functions: none
symbol engine: initialized successfully - sym options: 0x614 - pdb path: .;C:\Program Files\Java\jdk-11.0.12\bin;C:\WINDOWS\SYSTEM32;C:\WINDOWS\WinSxS\amd64_microsoft.windows.common-controls_6595b64144ccf1df_6.0.19041.1110_none_60b5254171f9507e;C:\Program Files\Java\jdk-11.0.12\bin\server

VM Arguments:
jvm_args: -agentlib:jdwp=transport=dt_socket,server=n,suspend=y,address=127.0.0.1:58668 -Dfile.encoding=windows-1252 -Duser.country=BR -Duser.language=pt -Duser.variant 
java_command: com.example.interview.InterviewApplication
java_class_path (initial): C:\Users\rafael_piazza\Downloads\interview\interview\build\classes\java\main;C:\Users\rafael_piazza\Downloads\interview\interview\build\resources\main;C:\Users\rafael_piazza\.gradle\caches\modules-2\files-2.1\org.springdoc\springdoc-openapi-ui\1.6.6\47d5f8506af2457c1ecf66fc8fe58888ed8e1c66\springdoc-openapi-ui-1.6.6.jar;C:\Users\rafael_piazza\.gradle\caches\modules-2\files-2.1\org.springframework.boot\spring-boot-starter-data-jpa\2.5.2\5038e48790990bc137c9a7e1cd97901a1350eb37\spring-boot-starter-data-jpa-2.5.2.jar;C:\Users\rafael_piazza\.gradle\caches\modules-2\files-2.1\org.springframework.boot\spring-boot-starter-security\2.5.2\5830a0f1dbff35089757b888a0209b90985e033a\spring-boot-starter-security-2.5.2.jar;C:\Users\rafael_piazza\.gradle\caches\modules-2\files-2.1\org.springframework.boot\spring-boot-starter-web\2.5.2\9d68318f6607728e253030aa145e529bae9b0883\spring-boot-starter-web-2.5.2.jar;C:\Users\rafael_piazza\.gradle\caches\modules-2\files-2.1\org.flywaydb\flyway-maven-plugin\8.5.4\60682ede2c40b97494b5f842feaa28e64e2ab7da\flyway-maven-plugin-8.5.4.jar;C:\Users\rafael_piazza\.gradle\caches\modules-2\files-2.1\io.jsonwebtoken\jjwt\0.9.1\54d2abfc3e63a28824d35bf600d6a5d627da681a\jjwt-0.9.1.jar;C:\Users\rafael_piazza\.gradle\caches\modules-2\files-2.1\javax.xml.bind\jaxb-api\2.3.0\99f802e0cb3e953ba3d6e698795c4aeb98d37c48\jaxb-api-2.3.0.jar;C:\Users\rafael_piazza\.gradle\caches\modules-2\files-2.1\org.modelmapper\modelmapper\3.1.0\a3727e6b449dfc9d9052d48185d1eeb029faaf12\modelmapper-3.1.0.jar;C:\Users\rafael_piazza\.gradle\caches\modules-2\files-2.1\mysql\mysql-connector-java\8.0.25\f8b9123acd13058c941aff25f308c9ed8000bb73\mysql-connector-java-8.0.25.jar;C:\Users\rafael_piazza\.gradle\caches\modules-2\files-2.1\org.springdoc\springdoc-openapi-webmvc-core\1.6.6\5dbdd074d5b62363aede4ed38bb449ecb15fa6ce\springdoc-openapi-webmvc-core-1.6.6.jar;C:\Users\rafael_piazza\.gradle\caches\modules-2\files-2.1\org.webjars\swagger-ui\4.5.0\af88256aa1c3
Launcher Type: SUN_STANDARD

[Global flags]
     intx CICompilerCount                          = 4                                         {product} {ergonomic}
     uint ConcGCThreads                            = 2                                         {product} {ergonomic}
     uint G1ConcRefinementThreads                  = 8                                         {product} {ergonomic}
   size_t G1HeapRegionSize                         = 1048576                                   {product} {ergonomic}
    uintx GCDrainStackTargetSize                   = 64                                        {product} {ergonomic}
   size_t InitialHeapSize                          = 268435456                                 {product} {ergonomic}
   size_t MarkStackSize                            = 4194304                                   {product} {ergonomic}
   size_t MaxHeapSize                              = 4269801472                                {product} {ergonomic}
   size_t MaxNewSize                               = 2561671168                                {product} {ergonomic}
   size_t MinHeapDeltaBytes                        = 1048576                                   {product} {ergonomic}
    uintx NonNMethodCodeHeapSize                   = 5836300                                {pd product} {ergonomic}
    uintx NonProfiledCodeHeapSize                  = 122910970                              {pd product} {ergonomic}
    uintx ProfiledCodeHeapSize                     = 122910970                              {pd product} {ergonomic}
    uintx ReservedCodeCacheSize                    = 251658240                              {pd product} {ergonomic}
     bool SegmentedCodeCache                       = true                                      {product} {ergonomic}
     bool UseCompressedClassPointers               = true                                 {lp64_product} {ergonomic}
     bool UseCompressedOops                        = true                                 {lp64_product} {ergonomic}
     bool UseG1GC                                  = true                                      {product} {ergonomic}
     bool UseLargePagesIndividualAllocation        = false                                  {pd product} {ergonomic}

Logging:
Log output configuration:
 #0: stdout all=warning uptime,level,tags
 #1: stderr all=off uptime,level,tags

Environment Variables:
JAVA_HOME=C:\Users\rafael_piazza\AppData\Local\Programs\AdoptOpenJDK\jdk-11.0.8.10-hotspot\
PATH=C:\Program Files\Common Files\Oracle\Java\javapath;C:\Program Files (x86)\RSA SecurID Token Common;C:\Program Files\RSA SecurID Token Common;C:\WINDOWS\system32;C:\WINDOWS;C:\WINDOWS\System32\Wbem;C:\WINDOWS\System32\WindowsPowerShell\v1.0\;C:\WINDOWS\System32\OpenSSH\;C:\Program Files\TortoiseSVN\bin;C:\Program Files (x86)\Kaspersky Lab\Kaspersky Endpoint Security for Windows\;C:\Maven\apache-maven-3.6.3\bin;C:\Program Files\nodejs\;C:\Program Files (x86)\dotnet\;C:\Program Files\Git\cmd;C:\Program Files\RSA SecurID Token Common\;C:\Program Files\JetBrains\IntelliJ IDEA Community Edition 2021.2.2\bin;;C:\Users\rafael_piazza\AppData\Local\GitHubDesktop\bin
USERNAME=rafael_piazza
OS=Windows_NT
PROCESSOR_IDENTIFIER=Intel64 Family 6 Model 142 Stepping 10, GenuineIntel



---------------  S Y S T E M  ---------------

OS: Windows 10 , 64 bit Build 19041 (10.0.19041.1566)

CPU:total 8 (initial active 8) (4 cores per cpu, 2 threads per core) family 6 model 142 stepping 10 microcode 0xb4, cmov, cx8, fxsr, mmx, sse, sse2, sse3, ssse3, sse4.1, sse4.2, popcnt, avx, avx2, aes, clmul, erms, 3dnowpref, lzcnt, ht, tsc, tscinvbit, bmi1, bmi2, adx, fma

Memory: 4k page, system-wide physical 16281M (898M free)
TotalPageFile size 31375M (AvailPageFile size 0M)
current process WorkingSet (physical memory assigned to process): 170M, peak: 170M
current process commit charge ("private bytes"): 395M, peak: 396M

vm_info: Java HotSpot(TM) 64-Bit Server VM (11.0.12+8-LTS-237) for windows-amd64 JRE (11.0.12+8-LTS-237), built on Jun  8 2021 11:25:59 by "mach5one" with MS VC++ 15.9 (VS2017)

END.
